<?xml version="1.0" encoding="UTF-8"?>
<!-- Generated by org.testng.reporters.JUnitReportReporter -->
<testsuite hostname="CHN1-LHP-N81682" failures="0" tests="1" name="com.sr1.DeleteProductById" time="0.883" errors="0" timestamp="2022-04-27T15:47:06 IST" skipped="0">
  <testcase classname="com.sr1.DeleteProductById" name="detletTheProduct" time="0.883"/>
  <system-out/>
</testsuite> <!-- com.sr1.DeleteProductById -->
